C:\SHAJAN\CS\CPP\IO\DEBUG\IO.EXE
C:\SHAJAN\CS\CPP\IO\DEBUG\IO.ILK
C:\SHAJAN\CS\CPP\IO\DEBUG\IO.PDB
C:\Shajan\CS\CPP\IO\IO\Debug\cl.command.1.tlog
C:\Shajan\CS\CPP\IO\IO\Debug\CL.read.1.tlog
C:\Shajan\CS\CPP\IO\IO\Debug\CL.write.1.tlog
C:\SHAJAN\CS\CPP\IO\IO\DEBUG\IO.EXE.EMBED.MANIFEST
C:\SHAJAN\CS\CPP\IO\IO\DEBUG\IO.EXE.EMBED.MANIFEST.RES
C:\SHAJAN\CS\CPP\IO\IO\DEBUG\IO.EXE.INTERMEDIATE.MANIFEST
C:\SHAJAN\CS\CPP\IO\IO\DEBUG\IO.OBJ
C:\SHAJAN\CS\CPP\IO\IO\DEBUG\IO.PCH
C:\Shajan\CS\CPP\IO\IO\Debug\IO_manifest.rc
C:\Shajan\CS\CPP\IO\IO\Debug\link.4640.read.1.tlog
C:\Shajan\CS\CPP\IO\IO\Debug\link.4640.write.1.tlog
C:\Shajan\CS\CPP\IO\IO\Debug\link.4640-cvtres.read.1.tlog
C:\Shajan\CS\CPP\IO\IO\Debug\link.4640-cvtres.write.1.tlog
C:\Shajan\CS\CPP\IO\IO\Debug\link.5464.read.1.tlog
C:\Shajan\CS\CPP\IO\IO\Debug\link.5464.write.1.tlog
C:\Shajan\CS\CPP\IO\IO\Debug\link.5464-cvtres.read.1.tlog
C:\Shajan\CS\CPP\IO\IO\Debug\link.5464-cvtres.write.1.tlog
C:\Shajan\CS\CPP\IO\IO\Debug\link.command.1.tlog
C:\Shajan\CS\CPP\IO\IO\Debug\link.read.1.tlog
C:\Shajan\CS\CPP\IO\IO\Debug\link.write.1.tlog
C:\Shajan\CS\CPP\IO\IO\Debug\link-cvtres.read.1.tlog
C:\Shajan\CS\CPP\IO\IO\Debug\link-cvtres.write.1.tlog
C:\Shajan\CS\CPP\IO\IO\Debug\mt.command.1.tlog
C:\Shajan\CS\CPP\IO\IO\Debug\mt.read.1.tlog
C:\Shajan\CS\CPP\IO\IO\Debug\mt.write.1.tlog
C:\Shajan\CS\CPP\IO\IO\Debug\rc.command.1.tlog
C:\Shajan\CS\CPP\IO\IO\Debug\rc.read.1.tlog
C:\Shajan\CS\CPP\IO\IO\Debug\rc.write.1.tlog
C:\SHAJAN\CS\CPP\IO\IO\DEBUG\STDAFX.OBJ
C:\Shajan\CS\CPP\IO\IO\Debug\vc100.idb
C:\SHAJAN\CS\CPP\IO\IO\DEBUG\VC100.PDB
