C:\SHAJAN\CS\CPP\SAMPLE\DEBUG\SAMPLE.BSC
C:\SHAJAN\CS\CPP\SAMPLE\DEBUG\SAMPLE.EXE
C:\SHAJAN\CS\CPP\SAMPLE\DEBUG\SAMPLE.ILK
C:\SHAJAN\CS\CPP\SAMPLE\DEBUG\SAMPLE.PDB
C:\Shajan\CS\CPP\Sample\Sample\Debug\BscMake.command.1.tlog
C:\Shajan\CS\CPP\Sample\Sample\Debug\bscmake.read.1.tlog
C:\Shajan\CS\CPP\Sample\Sample\Debug\bscmake.write.1.tlog
C:\Shajan\CS\CPP\Sample\Sample\Debug\cl.command.1.tlog
C:\Shajan\CS\CPP\Sample\Sample\Debug\CL.read.1.tlog
C:\Shajan\CS\CPP\Sample\Sample\Debug\CL.write.1.tlog
C:\SHAJAN\CS\CPP\SAMPLE\SAMPLE\DEBUG\FACEBOOK.OBJ
C:\SHAJAN\CS\CPP\SAMPLE\SAMPLE\DEBUG\FACEBOOK.SBR
C:\SHAJAN\CS\CPP\SAMPLE\SAMPLE\DEBUG\IOS.OBJ
C:\SHAJAN\CS\CPP\SAMPLE\SAMPLE\DEBUG\IOS.SBR
C:\Shajan\CS\CPP\Sample\Sample\Debug\link.5556.read.1.tlog
C:\Shajan\CS\CPP\Sample\Sample\Debug\link.5556.write.1.tlog
C:\Shajan\CS\CPP\Sample\Sample\Debug\link.5556-cvtres.read.1.tlog
C:\Shajan\CS\CPP\Sample\Sample\Debug\link.5556-cvtres.write.1.tlog
C:\Shajan\CS\CPP\Sample\Sample\Debug\link.6080.read.1.tlog
C:\Shajan\CS\CPP\Sample\Sample\Debug\link.6080.write.1.tlog
C:\Shajan\CS\CPP\Sample\Sample\Debug\link.6080-cvtres.read.1.tlog
C:\Shajan\CS\CPP\Sample\Sample\Debug\link.6080-cvtres.write.1.tlog
C:\Shajan\CS\CPP\Sample\Sample\Debug\link.command.1.tlog
C:\Shajan\CS\CPP\Sample\Sample\Debug\link.read.1.tlog
C:\Shajan\CS\CPP\Sample\Sample\Debug\link.write.1.tlog
C:\Shajan\CS\CPP\Sample\Sample\Debug\link-cvtres.read.1.tlog
C:\Shajan\CS\CPP\Sample\Sample\Debug\link-cvtres.write.1.tlog
C:\Shajan\CS\CPP\Sample\Sample\Debug\mt.command.1.tlog
C:\Shajan\CS\CPP\Sample\Sample\Debug\mt.read.1.tlog
C:\Shajan\CS\CPP\Sample\Sample\Debug\mt.write.1.tlog
C:\Shajan\CS\CPP\Sample\Sample\Debug\rc.command.1.tlog
C:\Shajan\CS\CPP\Sample\Sample\Debug\rc.read.1.tlog
C:\Shajan\CS\CPP\Sample\Sample\Debug\rc.write.1.tlog
C:\SHAJAN\CS\CPP\SAMPLE\SAMPLE\DEBUG\SAMPLE.EXE.EMBED.MANIFEST
C:\SHAJAN\CS\CPP\SAMPLE\SAMPLE\DEBUG\SAMPLE.EXE.EMBED.MANIFEST.RES
C:\SHAJAN\CS\CPP\SAMPLE\SAMPLE\DEBUG\SAMPLE.EXE.INTERMEDIATE.MANIFEST
C:\SHAJAN\CS\CPP\SAMPLE\SAMPLE\DEBUG\SAMPLE.OBJ
C:\SHAJAN\CS\CPP\SAMPLE\SAMPLE\DEBUG\SAMPLE.PCH
C:\SHAJAN\CS\CPP\SAMPLE\SAMPLE\DEBUG\SAMPLE.SBR
C:\Shajan\CS\CPP\Sample\Sample\Debug\Sample_manifest.rc
C:\SHAJAN\CS\CPP\SAMPLE\SAMPLE\DEBUG\STDAFX.OBJ
C:\SHAJAN\CS\CPP\SAMPLE\SAMPLE\DEBUG\STDAFX.SBR
C:\SHAJAN\CS\CPP\SAMPLE\SAMPLE\DEBUG\STL.OBJ
C:\SHAJAN\CS\CPP\SAMPLE\SAMPLE\DEBUG\STL.SBR
C:\Shajan\CS\CPP\Sample\Sample\Debug\vc100.idb
C:\SHAJAN\CS\CPP\SAMPLE\SAMPLE\DEBUG\VC100.PDB
