Build started 12/22/2010 9:34:34 PM.
Project "C:\Shajan\CS\CPP\Sample\Sample\Sample.vcxproj" on node 2 (build target(s)).
InitializeBuildStatus:
  Creating "Debug\Sample.unsuccessfulbuild" because "AlwaysCreate" was specified.
ClCompile:
  All outputs are up-to-date.
  C:\Program Files\Microsoft Visual Studio 10.0\VC\bin\CL.exe /c /ZI /nologo /W3 /WX- /Od /Oy- /D WIN32 /D _DEBUG /D _CONSOLE /D _MBCS /Gm /EHsc /RTC1 /MDd /GS /fp:precise /Zc:wchar_t /Zc:forScope /Yu"StdAfx.h" /Fp"Debug\Sample.pch" /Fo"Debug\\" /Fd"Debug\vc100.pdb" /FR"Debug\\" /Gd /TP /analyze- /errorReport:prompt stl.cpp
  stl.cpp
ManifestResourceCompile:
  All outputs are up-to-date.
Link:
  C:\Program Files\Microsoft Visual Studio 10.0\VC\bin\link.exe /ERRORREPORT:PROMPT /OUT:"C:\Shajan\CS\CPP\Sample\Debug\Sample.exe" /INCREMENTAL /NOLOGO kernel32.lib user32.lib gdi32.lib winspool.lib comdlg32.lib advapi32.lib shell32.lib ole32.lib oleaut32.lib uuid.lib odbc32.lib odbccp32.lib /MANIFEST /ManifestFile:"Debug\Sample.exe.intermediate.manifest" /MANIFESTUAC:"level='asInvoker' uiAccess='false'" /DEBUG /PDB:"C:\Shajan\CS\CPP\Sample\Debug\Sample.pdb" /SUBSYSTEM:CONSOLE /TLBID:1 /DYNAMICBASE /NXCOMPAT /IMPLIB:"C:\Shajan\CS\CPP\Sample\Debug\Sample.lib" /MACHINE:X86 Debug\Sample.exe.embed.manifest.res
  Debug\CLanguage.obj
  Debug\Facebook.obj
  Debug\sample.obj
  Debug\stdafx.obj
  Debug\stl.obj
Manifest:
  C:\Program Files\Microsoft SDKs\Windows\v7.0A\bin\mt.exe /nologo /verbose /out:"Debug\Sample.exe.embed.manifest" /manifest Debug\Sample.exe.intermediate.manifest
  All outputs are up-to-date.
LinkEmbedManifest:
  All outputs are up-to-date.
  Sample.vcxproj -> C:\Shajan\CS\CPP\Sample\Debug\Sample.exe
BscMake:
  All outputs are up-to-date.
FinalizeBuildStatus:
  Deleting file "Debug\Sample.unsuccessfulbuild".
  Touching "Debug\Sample.lastbuildstate".
Done Building Project "C:\Shajan\CS\CPP\Sample\Sample\Sample.vcxproj" (build target(s)).

Build succeeded.

Time Elapsed 00:00:02.59
